{
  "RSpec": {
    "coverage": {
      "/Users/rickyamparo/turing/3module/projects/lettuce_connect/app/helpers/application_helper.rb": [
        1,
        null
      ],
      "/Users/rickyamparo/turing/3module/projects/lettuce_connect/app/models/connection.rb": [
        1,
        1,
        null,
        1,
        null,
        1,
        20,
        null,
        null,
        1,
        20,
        20,
        0,
        null,
        20,
        null,
        null,
        null,
        1,
        20,
        20,
        0,
        null,
        20,
        null,
        null,
        null,
        1,
        16,
        null,
        null,
        null
      ],
      "/Users/rickyamparo/turing/3module/projects/lettuce_connect/app/models/application_record.rb": [
        1,
        1,
        null
      ],
      "/Users/rickyamparo/turing/3module/projects/lettuce_connect/app/models/handle.rb": [
        1,
        1,
        1,
        null,
        1,
        null
      ],
      "/Users/rickyamparo/turing/3module/projects/lettuce_connect/app/models/handle_type.rb": [
        1,
        1,
        null,
        1,
        null
      ],
      "/Users/rickyamparo/turing/3module/projects/lettuce_connect/app/models/user.rb": [
        1,
        1,
        1,
        null,
        1,
        1,
        null,
        1,
        1,
        1,
        1,
        1,
        1,
        1,
        1,
        null,
        null,
        null,
        1,
        4,
        null,
        null
      ],
      "/Users/rickyamparo/turing/3module/projects/lettuce_connect/app/controllers/welcome_controller.rb": [
        1,
        1,
        null,
        null
      ],
      "/Users/rickyamparo/turing/3module/projects/lettuce_connect/app/controllers/application_controller.rb": [
        1,
        1,
        1,
        null,
        1,
        194,
        null,
        null,
        null
      ],
      "/Users/rickyamparo/turing/3module/projects/lettuce_connect/app/controllers/sessions_controller.rb": [
        1,
        null,
        1,
        null,
        null,
        1,
        10,
        10,
        10,
        10,
        null,
        0,
        0,
        null,
        null,
        null,
        1,
        1,
        1,
        1,
        null,
        0,
        0,
        null,
        null,
        null,
        1,
        1,
        1,
        null,
        null,
        1,
        null,
        1,
        11,
        11,
        11,
        null,
        null,
        null
      ],
      "/Users/rickyamparo/turing/3module/projects/lettuce_connect/app/controllers/connections_controller.rb": [
        1,
        null,
        1,
        10,
        10,
        null,
        null,
        1,
        4,
        4,
        4,
        4,
        4,
        null,
        null,
        1,
        3,
        null,
        null,
        1,
        2,
        2,
        1,
        1,
        null,
        1,
        1,
        null,
        null,
        null,
        1,
        1,
        1,
        1,
        1,
        null,
        null,
        1,
        null,
        1,
        2,
        null,
        null,
        1,
        2,
        1,
        null,
        2,
        null,
        null,
        null
      ],
      "/Users/rickyamparo/turing/3module/projects/lettuce_connect/app/services/twitter_service.rb": [
        1,
        null,
        1,
        null,
        1,
        4,
        4,
        4,
        4,
        4,
        null,
        null,
        null,
        1,
        4,
        4,
        null,
        null,
        1,
        4,
        null,
        null,
        null
      ],
      "/Users/rickyamparo/turing/3module/projects/lettuce_connect/app/services/tweet.rb": [
        1,
        null,
        1,
        null,
        1,
        4,
        4,
        4,
        4,
        null,
        null,
        1,
        4,
        0,
        0,
        0,
        0,
        null,
        4,
        null,
        null,
        null
      ],
      "/Users/rickyamparo/turing/3module/projects/lettuce_connect/app/services/github_service.rb": [
        1,
        null,
        1,
        null,
        1,
        4,
        4,
        null,
        null,
        null,
        1,
        4,
        4,
        null,
        null,
        1,
        4,
        null,
        null,
        null
      ],
      "/Users/rickyamparo/turing/3module/projects/lettuce_connect/app/services/github_event.rb": [
        1,
        null,
        1,
        null,
        1,
        12,
        null,
        12,
        12,
        12,
        null,
        null,
        1,
        4,
        12,
        null,
        null,
        null,
        1,
        12,
        0,
        0,
        0,
        null,
        12,
        null,
        null
      ],
      "/Users/rickyamparo/turing/3module/projects/lettuce_connect/app/controllers/handles_controller.rb": [
        1,
        null,
        1,
        1,
        null,
        null,
        1,
        1,
        1,
        null,
        null,
        1,
        1,
        1,
        1,
        1,
        null,
        0,
        0,
        null,
        null,
        null,
        1,
        null,
        1,
        1,
        null,
        null,
        null
      ],
      "/Users/rickyamparo/turing/3module/projects/lettuce_connect/app/controllers/users_controller.rb": [
        1,
        1,
        1,
        null,
        null,
        1,
        1,
        1,
        1,
        1,
        1,
        null,
        0,
        0,
        null,
        null,
        null,
        1,
        1,
        null,
        null,
        1,
        1,
        1,
        1,
        null,
        0,
        null,
        null,
        null,
        null,
        1,
        null,
        1,
        2,
        null,
        null,
        null
      ],
      "/Users/rickyamparo/turing/3module/projects/lettuce_connect/app/controllers/api/v1/connections_controller.rb": [
        1,
        null,
        1,
        1,
        null,
        null,
        1,
        1,
        null,
        null,
        1,
        1,
        null,
        null
      ],
      "/Users/rickyamparo/turing/3module/projects/lettuce_connect/app/channels/application_cable/channel.rb": [
        null,
        null,
        null,
        null,
        null,
        null
      ],
      "/Users/rickyamparo/turing/3module/projects/lettuce_connect/app/channels/application_cable/connection.rb": [
        null,
        null,
        null,
        null,
        null,
        null
      ],
      "/Users/rickyamparo/turing/3module/projects/lettuce_connect/app/jobs/application_job.rb": [
        null,
        null,
        null,
        null
      ],
      "/Users/rickyamparo/turing/3module/projects/lettuce_connect/app/mailers/application_mailer.rb": [
        null,
        null,
        null,
        null,
        null,
        null
      ]
    },
    "timestamp": 1510170816
  }
}
